# Logfile created on 2014-02-23 15:27:32 +0100 by logger.rb/31641
I, [2014-02-23T15:27:32.144969 #18519]  INFO -- : 0:  rake (10.1.0) from /home/arne/.gem/ruby/1.9.3/specifications/rake-10.1.0.gemspec
I, [2014-02-23T15:27:32.145555 #18519]  INFO -- : 0:  abstract_type (0.0.6) from /home/arne/.gem/ruby/1.9.3/specifications/abstract_type-0.0.6.gemspec
I, [2014-02-23T15:27:32.146017 #18519]  INFO -- : 0:  ice_nine (0.9.0) from /home/arne/.gem/ruby/1.9.3/specifications/ice_nine-0.9.0.gemspec
I, [2014-02-23T15:27:33.847175 #18519]  INFO -- : 0:  adamantium (0.0.11) from /home/arne/.gem/ruby/1.9.3/specifications/adamantium-0.0.11.gemspec
I, [2014-02-23T15:27:33.847675 #18519]  INFO -- : 0:  backports (3.3.3) from /home/arne/.gem/ruby/1.9.3/specifications/backports-3.3.3.gemspec
I, [2014-02-23T15:27:36.243686 #18519]  INFO -- : 0:  equalizer (0.0.5) from /home/arne/.gem/ruby/1.9.3/specifications/equalizer-0.0.5.gemspec
I, [2014-02-23T15:27:37.834424 #18519]  INFO -- : 0:  anima (0.0.6) from /home/arne/.gem/ruby/1.9.3/specifications/anima-0.0.6.gemspec
I, [2014-02-23T15:27:37.834899 #18519]  INFO -- : 0:  ast (1.1.0) from /home/arne/.gem/ruby/1.9.3/specifications/ast-1.1.0.gemspec
I, [2014-02-23T15:27:37.835247 #18519]  INFO -- : 0:  bundler (1.5.1) from /home/arne/.gem/ruby/1.9.3/specifications/bundler-1.5.1.gemspec
I, [2014-02-23T15:27:37.835602 #18519]  INFO -- : 0:  coderay (1.0.9) from /home/arne/.gem/ruby/1.9.3/specifications/coderay-1.0.9.gemspec
I, [2014-02-23T15:27:37.835950 #18519]  INFO -- : 0:  colorize (0.5.8) from /home/arne/.gem/ruby/1.9.3/specifications/colorize-0.5.8.gemspec
I, [2014-02-23T15:27:39.347016 #18519]  INFO -- : 0:  concord (0.1.2) from /home/arne/.gem/ruby/1.9.3/specifications/concord-0.1.2.gemspec
I, [2014-02-23T15:27:40.752853 #18519]  INFO -- : 0:  multi_json (1.7.7) from /home/arne/.gem/ruby/1.9.3/specifications/multi_json-1.7.7.gemspec
I, [2014-02-23T15:27:42.348292 #18519]  INFO -- : 0:  mime-types (1.23) from /home/arne/.gem/ruby/1.9.3/specifications/mime-types-1.23.gemspec
I, [2014-02-23T15:27:42.348833 #18519]  INFO -- : 0:  rest-client (1.6.7) from /home/arne/.gem/ruby/1.9.3/specifications/rest-client-1.6.7.gemspec
I, [2014-02-23T15:27:42.349221 #18519]  INFO -- : 0:  simplecov-html (0.7.1) from /home/arne/.gem/ruby/1.9.3/specifications/simplecov-html-0.7.1.gemspec
I, [2014-02-23T15:27:42.349611 #18519]  INFO -- : 0:  simplecov (0.7.1) from /home/arne/.gem/ruby/1.9.3/specifications/simplecov-0.7.1.gemspec
I, [2014-02-23T15:27:42.349983 #18519]  INFO -- : 0:  thor (0.18.1) from /home/arne/.gem/ruby/1.9.3/specifications/thor-0.18.1.gemspec
I, [2014-02-23T15:27:42.350354 #18519]  INFO -- : 0:  coveralls (0.6.7) from /home/arne/.gem/ruby/1.9.3/specifications/coveralls-0.6.7.gemspec
I, [2014-02-23T15:27:42.350723 #18519]  INFO -- : 0:  descendants_tracker (0.0.1) from /home/arne/.gem/ruby/1.9.3/specifications/descendants_tracker-0.0.1.gemspec
I, [2014-02-23T15:27:42.376637 #18519]  INFO -- : 0:  devtools (0.0.2) from /home/arne/.gem/ruby/1.9.3/bundler/gems/devtools-bca222ee252d/devtools.gemspec
I, [2014-02-23T15:27:42.377248 #18519]  INFO -- : 0:  diff-lcs (1.2.4) from /home/arne/.gem/ruby/1.9.3/specifications/diff-lcs-1.2.4.gemspec
I, [2014-02-23T15:27:42.377663 #18519]  INFO -- : 0:  ffi (1.9.0) from /home/arne/.gem/ruby/1.9.3/specifications/ffi-1.9.0.gemspec
I, [2014-02-23T15:27:42.378065 #18519]  INFO -- : 0:  ffi-hunspell (0.3.0) from /home/arne/.gem/ruby/1.9.3/specifications/ffi-hunspell-0.3.0.gemspec
I, [2014-02-23T15:27:43.926273 #18519]  INFO -- : 0:  sexp_processor (4.2.1) from /home/arne/.gem/ruby/1.9.3/specifications/sexp_processor-4.2.1.gemspec
I, [2014-02-23T15:27:43.926825 #18519]  INFO -- : 0:  ruby_parser (3.1.3) from /home/arne/.gem/ruby/1.9.3/specifications/ruby_parser-3.1.3.gemspec
I, [2014-02-23T15:27:45.311529 #18519]  INFO -- : 0:  flay (2.3.1) from /home/arne/.gem/ruby/1.9.3/specifications/flay-2.3.1.gemspec
I, [2014-02-23T15:27:45.312027 #18519]  INFO -- : 0:  flog (4.1.1) from /home/arne/.gem/ruby/1.9.3/specifications/flog-4.1.1.gemspec
I, [2014-02-23T15:27:45.312377 #18519]  INFO -- : 0:  formatador (0.2.4) from /home/arne/.gem/ruby/1.9.3/specifications/formatador-0.2.4.gemspec
I, [2014-02-23T15:27:45.312743 #18519]  INFO -- : 0:  fzip (0.2.0) from /home/arne/.gem/ruby/1.9.3/specifications/fzip-0.2.0.gemspec
I, [2014-02-23T15:27:45.313092 #18519]  INFO -- : 0:  rb-fsevent (0.9.3) from /home/arne/.gem/ruby/1.9.3/specifications/rb-fsevent-0.9.3.gemspec
I, [2014-02-23T15:27:45.313446 #18519]  INFO -- : 0:  rb-inotify (0.9.0) from /home/arne/.gem/ruby/1.9.3/specifications/rb-inotify-0.9.0.gemspec
I, [2014-02-23T15:27:45.313786 #18519]  INFO -- : 0:  rb-kqueue (0.2.0) from /home/arne/.gem/ruby/1.9.3/specifications/rb-kqueue-0.2.0.gemspec
I, [2014-02-23T15:27:46.784270 #18519]  INFO -- : 0:  listen (1.2.2) from /home/arne/.gem/ruby/1.9.3/specifications/listen-1.2.2.gemspec
I, [2014-02-23T15:27:46.784900 #18519]  INFO -- : 0:  lumberjack (1.0.4) from /home/arne/.gem/ruby/1.9.3/specifications/lumberjack-1.0.4.gemspec
I, [2014-02-23T15:27:48.173953 #18519]  INFO -- : 0:  method_source (0.8.1) from /home/arne/.gem/ruby/1.9.3/specifications/method_source-0.8.1.gemspec
I, [2014-02-23T15:27:49.680455 #18519]  INFO -- : 0:  slop (3.4.5) from /home/arne/.gem/ruby/1.9.3/specifications/slop-3.4.5.gemspec
I, [2014-02-23T15:27:49.681067 #18519]  INFO -- : 0:  pry (0.9.12.2) from /home/arne/.gem/ruby/1.9.3/specifications/pry-0.9.12.2.gemspec
I, [2014-02-23T15:27:51.562761 #18519]  INFO -- : 0:  guard (1.8.1) from /home/arne/.gem/ruby/1.9.3/specifications/guard-1.8.1.gemspec
I, [2014-02-23T15:27:51.563253 #18519]  INFO -- : 0:  guard-bundler (1.0.0) from /home/arne/.gem/ruby/1.9.3/specifications/guard-bundler-1.0.0.gemspec
I, [2014-02-23T15:27:51.563595 #18519]  INFO -- : 0:  inflecto (0.0.2) from /home/arne/.gem/ruby/1.9.3/specifications/inflecto-0.0.2.gemspec
I, [2014-02-23T15:27:55.012144 #18519]  INFO -- : 0:  parser (2.0.0.pre2) from /home/arne/.gem/ruby/1.9.3/specifications/parser-2.0.0.pre2.gemspec
I, [2014-02-23T15:27:57.130110 #18519]  INFO -- : 0:  rspec-core (2.14.3) from /home/arne/.gem/ruby/1.9.3/specifications/rspec-core-2.14.3.gemspec
I, [2014-02-23T15:27:58.927580 #18519]  INFO -- : 0:  rspec-expectations (2.14.0) from /home/arne/.gem/ruby/1.9.3/specifications/rspec-expectations-2.14.0.gemspec
I, [2014-02-23T15:28:00.911900 #18519]  INFO -- : 0:  rspec-mocks (2.14.1) from /home/arne/.gem/ruby/1.9.3/specifications/rspec-mocks-2.14.1.gemspec
I, [2014-02-23T15:28:00.912443 #18519]  INFO -- : 0:  rspec (2.14.1) from /home/arne/.gem/ruby/1.9.3/specifications/rspec-2.14.1.gemspec
I, [2014-02-23T15:28:03.003962 #18519]  INFO -- : 0:  unparser (0.0.8) from /home/arne/.gem/ruby/1.9.3/specifications/unparser-0.0.8.gemspec
I, [2014-02-23T15:28:05.401383 #18519]  INFO -- : 0:  mutant (0.3.0.beta18) from /home/arne/.gem/ruby/1.9.3/specifications/mutant-0.3.0.beta18.gemspec
I, [2014-02-23T15:28:05.401965 #18519]  INFO -- : 0:  guard-mutant (0.0.1) from /home/arne/.gem/ruby/1.9.3/specifications/guard-mutant-0.0.1.gemspec
I, [2014-02-23T15:28:05.402415 #18519]  INFO -- : 0:  guard-rspec (3.0.2) from /home/arne/.gem/ruby/1.9.3/specifications/guard-rspec-3.0.2.gemspec
I, [2014-02-23T15:28:06.770115 #18519]  INFO -- : 0:  powerpack (0.0.1) from /home/arne/.gem/ruby/1.9.3/specifications/powerpack-0.0.1.gemspec
I, [2014-02-23T15:28:06.770720 #18519]  INFO -- : 0:  rainbow (1.1.4) from /home/arne/.gem/ruby/1.9.3/specifications/rainbow-1.1.4.gemspec
I, [2014-02-23T15:28:06.962855 #18519]  INFO -- : 0:  rubocop (0.10.0) from /home/arne/.gem/ruby/1.9.3/bundler/gems/rubocop-e9fa7563d4ea/rubocop.gemspec
I, [2014-02-23T15:28:09.199035 #18519]  INFO -- : 0:  guard-rubocop (0.2.0) from /home/arne/.gem/ruby/1.9.3/specifications/guard-rubocop-0.2.0.gemspec
I, [2014-02-23T15:28:09.199575 #18519]  INFO -- : 0:  mini_portile (0.5.2) from /home/arne/.gem/ruby/1.9.3/specifications/mini_portile-0.5.2.gemspec
I, [2014-02-23T15:28:09.199953 #18519]  INFO -- : 0:  nokogiri (1.6.1) from /home/arne/.gem/ruby/1.9.3/specifications/nokogiri-1.6.1.gemspec
I, [2014-02-23T15:28:09.200312 #18519]  INFO -- : 0:  sass (3.2.14) from /home/arne/.gem/ruby/1.9.3/specifications/sass-3.2.14.gemspec
I, [2014-02-23T15:28:09.289237 #18519]  INFO -- : 0:  hexp (0.3.1) from /home/arne/github/hexp/hexp.gemspec
I, [2014-02-23T15:28:09.289793 #18519]  INFO -- : 0:  kramdown (1.1.0) from /home/arne/.gem/ruby/1.9.3/specifications/kramdown-1.1.0.gemspec
I, [2014-02-23T15:28:09.290207 #18519]  INFO -- : 0:  libnotify (0.8.1) from /home/arne/.gem/ruby/1.9.3/specifications/libnotify-0.8.1.gemspec
I, [2014-02-23T15:28:09.290610 #18519]  INFO -- : 0:  rb-fchange (0.0.6) from /home/arne/.gem/ruby/1.9.3/specifications/rb-fchange-0.0.6.gemspec
I, [2014-02-23T15:28:09.291033 #18519]  INFO -- : 0:  rb-notifu (0.0.4) from /home/arne/.gem/ruby/1.9.3/specifications/rb-notifu-0.0.4.gemspec
I, [2014-02-23T15:28:09.291431 #18519]  INFO -- : 0:  rbench (0.2.3) from /home/arne/.gem/ruby/1.9.3/specifications/rbench-0.2.3.gemspec
I, [2014-02-23T15:28:09.291823 #18519]  INFO -- : 0:  ruby2ruby (2.0.6) from /home/arne/.gem/ruby/1.9.3/specifications/ruby2ruby-2.0.6.gemspec
I, [2014-02-23T15:28:09.427555 #18519]  INFO -- : 0:  reek (1.3.1) from /home/arne/.gem/ruby/1.9.3/bundler/gems/reek-ae4d09078ae2/reek.gemspec
I, [2014-02-23T15:28:09.552134 #18519]  INFO -- : 0:  slippery (0.0.3) from /home/arne/github/slippery/slippery.gemspec
I, [2014-02-23T15:28:09.552653 #18519]  INFO -- : 0:  terminal-notifier-guard (1.5.3) from /home/arne/.gem/ruby/1.9.3/specifications/terminal-notifier-guard-1.5.3.gemspec
I, [2014-02-23T15:28:12.704415 #18519]  INFO -- : 0:  yard (0.8.6.2) from /home/arne/.gem/ruby/1.9.3/specifications/yard-0.8.6.2.gemspec
I, [2014-02-23T15:28:12.705047 #18519]  INFO -- : 0:  yard-spellcheck (0.1.5) from /home/arne/.gem/ruby/1.9.3/specifications/yard-spellcheck-0.1.5.gemspec
I, [2014-02-23T15:28:14.853347 #18519]  INFO -- : 0:  yardstick (0.9.6) from /home/arne/.gem/ruby/1.9.3/specifications/yardstick-0.9.6.gemspec
